<?xml version="1.0" encoding="UTF-8"?>
<!-- Generated by org.testng.reporters.JUnitReportReporter -->
<testsuite hostname="DESKTOP-GOMK6OD" name="TestFramework.basics3" tests="1" failures="0" timestamp="4 Nov 2017 18:58:13 GMT" time="8.277" errors="0">
  <testcase name="AddandDeletePlace" time="8.277" classname="TestFramework.basics3"/>
</testsuite>
