<?xml version="1.0" encoding="UTF-8"?>
<!-- Generated by org.testng.reporters.JUnitReportReporter -->
<testsuite hostname="DESKTOP-GOMK6OD" name="TestFramework.basics2" tests="1" failures="0" timestamp="16 Jul 2017 16:11:17 GMT" time="4.173" errors="0">
  <testcase name="createPlaceAPI" time="4.173" classname="TestFramework.basics2"/>
</testsuite>
