<?xml version="1.0" encoding="UTF-8"?>
<!-- Generated by org.testng.reporters.JUnitReportReporter -->
<testsuite hostname="DESKTOP-U19J6DA" failures="0" tests="1" name="TestFramework.postAPI" time="5.110" errors="0" timestamp="2 Jun 2021 13:20:30 GMT">
  <testcase classname="TestFramework.postAPI" name="addBook" time="5.110"/>
</testsuite>
