<?xml version="1.0" encoding="UTF-8"?>
<!-- Generated by org.testng.reporters.JUnitReportReporter -->
<testsuite hostname="DESKTOP-GOMK6OD" name="TestFramework.basics2" tests="1" failures="0" timestamp="4 Nov 2017 20:26:00 GMT" time="0.359" errors="0">
  <testcase name="createPlaceAPI" time="0.359" classname="TestFramework.basics2"/>
</testsuite>
